<?xml version="1.0" encoding="UTF-8" ?>
<testsuite errors="24" failures="0" hostname="Otto" name="expressivo.grader.ExpressivoTest" skipped="0" tests="152" time="1.85" timestamp="2019-01-10T08:35:14">
  <properties>
[...]
</properties>
  <testcase classname="expressivo.grader.ExpressivoTest" name="testDifferentiate_dx[zero]" time="0.095" />
  <testcase classname="expressivo.grader.ExpressivoTest" name="testDifferentiate_dy[zero]" time="0.021" />
  <testcase classname="expressivo.grader.ExpressivoTest" name="testParse[zero]" time="0.03" />
  <testcase classname="expressivo.grader.ExpressivoTest" name="testSimplify_xyz[zero]" time="0.009" />
  <testcase classname="expressivo.grader.ExpressivoTest" name="testDifferentiate_dx[nonzero integer]" time="0.013" />
  <testcase classname="expressivo.grader.ExpressivoTest" name="testDifferentiate_dy[nonzero integer]" time="0.013" />
  <testcase classname="expressivo.grader.ExpressivoTest" name="testParse[nonzero integer]" time="0.03" />
  <testcase classname="expressivo.grader.ExpressivoTest" name="testSimplify_xyz[nonzero integer]" time="0.011" />
  <testcase classname="expressivo.grader.ExpressivoTest" name="testDifferentiate_dx[decimal-fraction &lt; 1]" time="0.011" />
  <testcase classname="expressivo.grader.ExpressivoTest" name="testDifferentiate_dy[decimal-fraction &lt; 1]" time="0.012" />
  <testcase classname="expressivo.grader.ExpressivoTest" name="testParse[decimal-fraction &lt; 1]" time="0.011" />
  <testcase classname="expressivo.grader.ExpressivoTest" name="testSimplify_xyz[decimal-fraction &lt; 1]" time="0.013" />
  <testcase classname="expressivo.grader.ExpressivoTest" name="testDifferentiate_dx[decimal-fraction &gt; 1]" time="0.014" />
  <testcase classname="expressivo.grader.ExpressivoTest" name="testDifferentiate_dy[decimal-fraction &gt; 1]" time="0.012" />
  <testcase classname="expressivo.grader.ExpressivoTest" name="testParse[decimal-fraction &gt; 1]" time="0.029" />
  <testcase classname="expressivo.grader.ExpressivoTest" name="testSimplify_xyz[decimal-fraction &gt; 1]" time="0.007" />
  <testcase classname="expressivo.grader.ExpressivoTest" name="testDifferentiate_dx[trailing zeros]" time="0.008" />
  <testcase classname="expressivo.grader.ExpressivoTest" name="testDifferentiate_dy[trailing zeros]" time="0.008" />
  <testcase classname="expressivo.grader.ExpressivoTest" name="testParse[trailing zeros]" time="0.009" />
  <testcase classname="expressivo.grader.ExpressivoTest" name="testSimplify_xyz[trailing zeros]" time="0.009" />
  <testcase classname="expressivo.grader.ExpressivoTest" name="testDifferentiate_dx[no leading zero]" time="0.007" />
  <testcase classname="expressivo.grader.ExpressivoTest" name="testDifferentiate_dy[no leading zero]" time="0.022" />
  <testcase classname="expressivo.grader.ExpressivoTest" name="testParse[no leading zero]" time="0.007" />
  <testcase classname="expressivo.grader.ExpressivoTest" name="testSimplify_xyz[no leading zero]" time="0.008" />
  <testcase classname="expressivo.grader.ExpressivoTest" name="testDifferentiate_dx[decimal-fraction very small]" time="0.008" />
  <testcase classname="expressivo.grader.ExpressivoTest" name="testDifferentiate_dy[decimal-fraction very small]" time="0.009" />
  <testcase classname="expressivo.grader.ExpressivoTest" name="testParse[decimal-fraction very small]" time="0.015">
    <error message="invalid Expression.toString (staff parser could not parse)" type="java.lang.RuntimeException">java.lang.RuntimeException: invalid Expression.toString (staff parser could not parse)
	at expressivo.grader.ExpressivoTest.testParse(ExpressivoTest.java:100)
Caused by: expressivo.staff.SyntaxError: Character 3: expected end_of_input, got E in expression &quot;1.0E-6&quot;
	at expressivo.staff.Parser.parse(Parser.java:23)
	at expressivo.staff.Parser.parse(Parser.java:13)
	at expressivo.grader.ExpressivoTest.testParse(ExpressivoTest.java:98)
Caused by: expressivo.staff.SyntaxError: Character 3: expected end_of_input, got E
	at expressivo.staff.Parser.eat(Parser.java:129)
	at expressivo.staff.Parser.parse(Parser.java:48)
	at expressivo.staff.Parser.parse(Parser.java:21)
</error>
  </testcase>
  <testcase classname="expressivo.grader.ExpressivoTest" name="testSimplify_xyz[decimal-fraction very small]" time="0.008">
    <error message="invalid simplified expression (staff parser could not parse)" type="java.lang.RuntimeException">java.lang.RuntimeException: invalid simplified expression (staff parser could not parse)
	at expressivo.grader.ExpressivoTest.testSimplify_xyz(ExpressivoTest.java:159)
Caused by: expressivo.staff.SyntaxError: Character 3: expected end_of_input, got E in expression &quot;1.0E-6&quot;
	at expressivo.staff.Parser.parse(Parser.java:23)
	at expressivo.staff.Parser.parse(Parser.java:13)
	at expressivo.grader.ExpressivoTest.testSimplify_xyz(ExpressivoTest.java:157)
Caused by: expressivo.staff.SyntaxError: Character 3: expected end_of_input, got E
	at expressivo.staff.Parser.eat(Parser.java:129)
	at expressivo.staff.Parser.parse(Parser.java:48)
	at expressivo.staff.Parser.parse(Parser.java:21)
</error>
  </testcase>
  <testcase classname="expressivo.grader.ExpressivoTest" name="testDifferentiate_dx[integer very large]" time="0.008">
    <error message="error calling differentiate()" type="java.lang.RuntimeException">java.lang.RuntimeException: error calling differentiate()
	at expressivo.grader.ExpressivoTest.testDifferentiate_dx(ExpressivoTest.java:113)
Caused by: java.lang.NumberFormatException: For input string: &quot;9007199254740992&quot;
	at java.lang.NumberFormatException.forInputString(NumberFormatException.java:65)
	at java.lang.Integer.parseInt(Integer.java:583)
	at java.lang.Integer.valueOf(Integer.java:766)
	at expressivo.Number.&lt;init&gt;(Number.java:30)
	at expressivo.Expression.buildAST(Expression.java:147)
	at expressivo.Expression.buildAST(Expression.java:156)
	at expressivo.Expression.buildAST(Expression.java:205)
	at expressivo.Expression.buildAST(Expression.java:180)
	at expressivo.Expression.buildAST(Expression.java:224)
	at expressivo.Expression.parse(Expression.java:134)
	at expressivo.Commands.differentiate(Commands.java:24)
	at expressivo.grader.ExpressivoTest.testDifferentiate_dx(ExpressivoTest.java:111)
</error>
  </testcase>
  <testcase classname="expressivo.grader.ExpressivoTest" name="testDifferentiate_dy[integer very large]" time="0.011">
    <error message="error calling differentiate()" type="java.lang.RuntimeException">java.lang.RuntimeException: error calling differentiate()
	at expressivo.grader.ExpressivoTest.testDifferentiate_dy(ExpressivoTest.java:131)
Caused by: java.lang.NumberFormatException: For input string: &quot;9007199254740992&quot;
	at java.lang.NumberFormatException.forInputString(NumberFormatException.java:65)
	at java.lang.Integer.parseInt(Integer.java:583)
	at java.lang.Integer.valueOf(Integer.java:766)
	at expressivo.Number.&lt;init&gt;(Number.java:30)
	at expressivo.Expression.buildAST(Expression.java:147)
	at expressivo.Expression.buildAST(Expression.java:156)
	at expressivo.Expression.buildAST(Expression.java:205)
	at expressivo.Expression.buildAST(Expression.java:180)
	at expressivo.Expression.buildAST(Expression.java:224)
	at expressivo.Expression.parse(Expression.java:134)
	at expressivo.Commands.differentiate(Commands.java:24)
	at expressivo.grader.ExpressivoTest.testDifferentiate_dy(ExpressivoTest.java:129)
</error>
  </testcase>
  <testcase classname="expressivo.grader.ExpressivoTest" name="testParse[integer very large]" time="0.015">
    <error message="error calling parse()" type="java.lang.RuntimeException">java.lang.RuntimeException: error calling parse()
	at expressivo.grader.ExpressivoTest.testParse(ExpressivoTest.java:95)
Caused by: java.lang.NumberFormatException: For input string: &quot;9007199254740992&quot;
	at java.lang.NumberFormatException.forInputString(NumberFormatException.java:65)
	at java.lang.Integer.parseInt(Integer.java:583)
	at java.lang.Integer.valueOf(Integer.java:766)
	at expressivo.Number.&lt;init&gt;(Number.java:30)
	at expressivo.Expression.buildAST(Expression.java:147)
	at expressivo.Expression.buildAST(Expression.java:156)
	at expressivo.Expression.buildAST(Expression.java:205)
	at expressivo.Expression.buildAST(Expression.java:180)
	at expressivo.Expression.buildAST(Expression.java:224)
	at expressivo.Expression.parse(Expression.java:134)
	at expressivo.grader.ExpressivoTest.testParse(ExpressivoTest.java:93)
</error>
  </testcase>
  <testcase classname="expressivo.grader.ExpressivoTest" name="testSimplify_xyz[integer very large]" time="0.012">
    <error message="error calling simplify()" type="java.lang.RuntimeException">java.lang.RuntimeException: error calling simplify()
	at expressivo.grader.ExpressivoTest.testSimplify_xyz(ExpressivoTest.java:154)
Caused by: java.lang.NumberFormatException: For input string: &quot;9007199254740992&quot;
	at java.lang.NumberFormatException.forInputString(NumberFormatException.java:65)
	at java.lang.Integer.parseInt(Integer.java:583)
	at java.lang.Integer.valueOf(Integer.java:766)
	at expressivo.Number.&lt;init&gt;(Number.java:30)
	at expressivo.Expression.buildAST(Expression.java:147)
	at expressivo.Expression.buildAST(Expression.java:156)
	at expressivo.Expression.buildAST(Expression.java:205)
	at expressivo.Expression.buildAST(Expression.java:180)
	at expressivo.Expression.buildAST(Expression.java:224)
	at expressivo.Expression.parse(Expression.java:134)
	at expressivo.Commands.simplify(Commands.java:42)
	at expressivo.grader.ExpressivoTest.testSimplify_xyz(ExpressivoTest.java:152)
</error>
  </testcase>
  <testcase classname="expressivo.grader.ExpressivoTest" name="testDifferentiate_dx[x]" time="0.012" />
  <testcase classname="expressivo.grader.ExpressivoTest" name="testDifferentiate_dy[x]" time="0.012" />
  <testcase classname="expressivo.grader.ExpressivoTest" name="testParse[x]" time="0.013" />
  <testcase classname="expressivo.grader.ExpressivoTest" name="testSimplify_xyz[x]" time="0.011" />
  <testcase classname="expressivo.grader.ExpressivoTest" name="testDifferentiate_dx[y]" time="0.017" />
  <testcase classname="expressivo.grader.ExpressivoTest" name="testDifferentiate_dy[y]" time="0.011" />
  <testcase classname="expressivo.grader.ExpressivoTest" name="testParse[y]" time="0.008" />
  <testcase classname="expressivo.grader.ExpressivoTest" name="testSimplify_xyz[y]" time="0.007" />
  <testcase classname="expressivo.grader.ExpressivoTest" name="testDifferentiate_dx[other variable]" time="0.006" />
  <testcase classname="expressivo.grader.ExpressivoTest" name="testDifferentiate_dy[other variable]" time="0.005" />
  <testcase classname="expressivo.grader.ExpressivoTest" name="testParse[other variable]" time="0.006" />
  <testcase classname="expressivo.grader.ExpressivoTest" name="testSimplify_xyz[other variable]" time="0.008" />
  <testcase classname="expressivo.grader.ExpressivoTest" name="testDifferentiate_dx[variable with parens]" time="0.005" />
  <testcase classname="expressivo.grader.ExpressivoTest" name="testDifferentiate_dy[variable with parens]" time="0.006" />
  <testcase classname="expressivo.grader.ExpressivoTest" name="testParse[variable with parens]" time="0.006" />
  <testcase classname="expressivo.grader.ExpressivoTest" name="testSimplify_xyz[variable with parens]" time="0.006" />
  <testcase classname="expressivo.grader.ExpressivoTest" name="testDifferentiate_dx[variable with extra parens]" time="0.006" />
  <testcase classname="expressivo.grader.ExpressivoTest" name="testDifferentiate_dy[variable with extra parens]" time="0.006" />
  <testcase classname="expressivo.grader.ExpressivoTest" name="testParse[variable with extra parens]" time="0.005" />
  <testcase classname="expressivo.grader.ExpressivoTest" name="testSimplify_xyz[variable with extra parens]" time="0.006" />
  <testcase classname="expressivo.grader.ExpressivoTest" name="testDifferentiate_dx[add]" time="0.014" />
  <testcase classname="expressivo.grader.ExpressivoTest" name="testDifferentiate_dy[add]" time="0.011" />
  <testcase classname="expressivo.grader.ExpressivoTest" name="testParse[add]" time="0.011">
    <error message="invalid Expression.toString (staff parser could not parse)" type="java.lang.RuntimeException">java.lang.RuntimeException: invalid Expression.toString (staff parser could not parse)
	at expressivo.grader.ExpressivoTest.testParse(ExpressivoTest.java:100)
Caused by: expressivo.staff.SyntaxError: Character 1: expected end_of_input, got x in expression &quot;2x&quot;
	at expressivo.staff.Parser.parse(Parser.java:23)
	at expressivo.staff.Parser.parse(Parser.java:13)
	at expressivo.grader.ExpressivoTest.testParse(ExpressivoTest.java:98)
Caused by: expressivo.staff.SyntaxError: Character 1: expected end_of_input, got x
	at expressivo.staff.Parser.eat(Parser.java:129)
	at expressivo.staff.Parser.parse(Parser.java:48)
	at expressivo.staff.Parser.parse(Parser.java:21)
</error>
  </testcase>
  <testcase classname="expressivo.grader.ExpressivoTest" name="testSimplify_xyz[add]" time="0.012" />
  <testcase classname="expressivo.grader.ExpressivoTest" name="testDifferentiate_dx[add with extra parens]" time="0.014" />
  <testcase classname="expressivo.grader.ExpressivoTest" name="testDifferentiate_dy[add with extra parens]" time="0.014" />
  <testcase classname="expressivo.grader.ExpressivoTest" name="testParse[add with extra parens]" time="0.016">
    <error message="invalid Expression.toString (staff parser could not parse)" type="java.lang.RuntimeException">java.lang.RuntimeException: invalid Expression.toString (staff parser could not parse)
	at expressivo.grader.ExpressivoTest.testParse(ExpressivoTest.java:100)
Caused by: expressivo.staff.SyntaxError: Character 1: expected end_of_input, got x in expression &quot;2x&quot;
	at expressivo.staff.Parser.parse(Parser.java:23)
	at expressivo.staff.Parser.parse(Parser.java:13)
	at expressivo.grader.ExpressivoTest.testParse(ExpressivoTest.java:98)
Caused by: expressivo.staff.SyntaxError: Character 1: expected end_of_input, got x
	at expressivo.staff.Parser.eat(Parser.java:129)
	at expressivo.staff.Parser.parse(Parser.java:48)
	at expressivo.staff.Parser.parse(Parser.java:21)
</error>
  </testcase>
  <testcase classname="expressivo.grader.ExpressivoTest" name="testSimplify_xyz[add with extra parens]" time="0.021" />
  <testcase classname="expressivo.grader.ExpressivoTest" name="testDifferentiate_dx[times]" time="0.023">
    <error message="invalid derivative expression (staff parser could not parse)" type="java.lang.RuntimeException">java.lang.RuntimeException: invalid derivative expression (staff parser could not parse)
	at expressivo.grader.ExpressivoTest.testDifferentiate_dx(ExpressivoTest.java:118)
Caused by: expressivo.staff.SyntaxError: Character 1: expected end_of_input, got x in expression &quot;2x&quot;
	at expressivo.staff.Parser.parse(Parser.java:23)
	at expressivo.staff.Parser.parse(Parser.java:13)
	at expressivo.grader.ExpressivoTest.testDifferentiate_dx(ExpressivoTest.java:116)
Caused by: expressivo.staff.SyntaxError: Character 1: expected end_of_input, got x
	at expressivo.staff.Parser.eat(Parser.java:129)
	at expressivo.staff.Parser.parse(Parser.java:48)
	at expressivo.staff.Parser.parse(Parser.java:21)
</error>
  </testcase>
  <testcase classname="expressivo.grader.ExpressivoTest" name="testDifferentiate_dy[times]" time="0.024" />
  <testcase classname="expressivo.grader.ExpressivoTest" name="testParse[times]" time="0.018">
    <error message="invalid Expression.toString (staff parser could not parse)" type="java.lang.RuntimeException">java.lang.RuntimeException: invalid Expression.toString (staff parser could not parse)
	at expressivo.grader.ExpressivoTest.testParse(ExpressivoTest.java:100)
Caused by: expressivo.staff.SyntaxError: Unrecognized character at position 2 in expression &quot;x^2&quot;
	at expressivo.staff.Parser.parse(Parser.java:23)
	at expressivo.staff.Parser.parse(Parser.java:13)
	at expressivo.grader.ExpressivoTest.testParse(ExpressivoTest.java:98)
Caused by: expressivo.staff.BadCharacterError: Unrecognized character at position 2
	at expressivo.staff.Lexer.next(Lexer.java:223)
	at expressivo.staff.Parser.next(Parser.java:135)
	at expressivo.staff.Parser.eatVar(Parser.java:110)
	at expressivo.staff.Parser.unary(Parser.java:93)
	at expressivo.staff.Parser.factor(Parser.java:88)
	at expressivo.staff.Parser.term(Parser.java:71)
	at expressivo.staff.Parser.polynomial(Parser.java:53)
	at expressivo.staff.Parser.parse(Parser.java:47)
	at expressivo.staff.Parser.parse(Parser.java:21)
</error>
  </testcase>
  <testcase classname="expressivo.grader.ExpressivoTest" name="testSimplify_xyz[times]" time="0.018" />
  <testcase classname="expressivo.grader.ExpressivoTest" name="testDifferentiate_dx[times with extra parens]" time="0.018">
    <error message="invalid derivative expression (staff parser could not parse)" type="java.lang.RuntimeException">java.lang.RuntimeException: invalid derivative expression (staff parser could not parse)
	at expressivo.grader.ExpressivoTest.testDifferentiate_dx(ExpressivoTest.java:118)
Caused by: expressivo.staff.SyntaxError: Character 1: expected end_of_input, got x in expression &quot;2x&quot;
	at expressivo.staff.Parser.parse(Parser.java:23)
	at expressivo.staff.Parser.parse(Parser.java:13)
	at expressivo.grader.ExpressivoTest.testDifferentiate_dx(ExpressivoTest.java:116)
Caused by: expressivo.staff.SyntaxError: Character 1: expected end_of_input, got x
	at expressivo.staff.Parser.eat(Parser.java:129)
	at expressivo.staff.Parser.parse(Parser.java:48)
	at expressivo.staff.Parser.parse(Parser.java:21)
</error>
  </testcase>
  <testcase classname="expressivo.grader.ExpressivoTest" name="testDifferentiate_dy[times with extra parens]" time="0.019" />
  <testcase classname="expressivo.grader.ExpressivoTest" name="testParse[times with extra parens]" time="0.018">
    <error message="invalid Expression.toString (staff parser could not parse)" type="java.lang.RuntimeException">java.lang.RuntimeException: invalid Expression.toString (staff parser could not parse)
	at expressivo.grader.ExpressivoTest.testParse(ExpressivoTest.java:100)
Caused by: expressivo.staff.SyntaxError: Unrecognized character at position 2 in expression &quot;x^2&quot;
	at expressivo.staff.Parser.parse(Parser.java:23)
	at expressivo.staff.Parser.parse(Parser.java:13)
	at expressivo.grader.ExpressivoTest.testParse(ExpressivoTest.java:98)
Caused by: expressivo.staff.BadCharacterError: Unrecognized character at position 2
	at expressivo.staff.Lexer.next(Lexer.java:223)
	at expressivo.staff.Parser.next(Parser.java:135)
	at expressivo.staff.Parser.eatVar(Parser.java:110)
	at expressivo.staff.Parser.unary(Parser.java:93)
	at expressivo.staff.Parser.factor(Parser.java:88)
	at expressivo.staff.Parser.term(Parser.java:71)
	at expressivo.staff.Parser.polynomial(Parser.java:53)
	at expressivo.staff.Parser.parse(Parser.java:47)
	at expressivo.staff.Parser.parse(Parser.java:21)
</error>
  </testcase>
  <testcase classname="expressivo.grader.ExpressivoTest" name="testSimplify_xyz[times with extra parens]" time="0.012" />
  <testcase classname="expressivo.grader.ExpressivoTest" name="testDifferentiate_dx[* ( * )]" time="0.012">
    <error message="invalid derivative expression (staff parser could not parse)" type="java.lang.RuntimeException">java.lang.RuntimeException: invalid derivative expression (staff parser could not parse)
	at expressivo.grader.ExpressivoTest.testDifferentiate_dx(ExpressivoTest.java:118)
Caused by: expressivo.staff.SyntaxError: Character 7: expected right_parenthesis, got x in expression &quot;((x * 2x) + (x^2 * 1))&quot;
	at expressivo.staff.Parser.parse(Parser.java:23)
	at expressivo.staff.Parser.parse(Parser.java:13)
	at expressivo.grader.ExpressivoTest.testDifferentiate_dx(ExpressivoTest.java:116)
Caused by: expressivo.staff.SyntaxError: Character 7: expected right_parenthesis, got x
	at expressivo.staff.Parser.eat(Parser.java:129)
	at expressivo.staff.Parser.factor(Parser.java:85)
	at expressivo.staff.Parser.term(Parser.java:71)
	at expressivo.staff.Parser.polynomial(Parser.java:53)
	at expressivo.staff.Parser.factor(Parser.java:84)
	at expressivo.staff.Parser.term(Parser.java:71)
	at expressivo.staff.Parser.polynomial(Parser.java:53)
	at expressivo.staff.Parser.parse(Parser.java:47)
	at expressivo.staff.Parser.parse(Parser.java:21)
</error>
  </testcase>
  <testcase classname="expressivo.grader.ExpressivoTest" name="testDifferentiate_dy[* ( * )]" time="0.01" />
  <testcase classname="expressivo.grader.ExpressivoTest" name="testParse[* ( * )]" time="0.012">
    <error message="invalid Expression.toString (staff parser could not parse)" type="java.lang.RuntimeException">java.lang.RuntimeException: invalid Expression.toString (staff parser could not parse)
	at expressivo.grader.ExpressivoTest.testParse(ExpressivoTest.java:100)
Caused by: expressivo.staff.SyntaxError: Unrecognized character at position 7 in expression &quot;(x * x^2)&quot;
	at expressivo.staff.Parser.parse(Parser.java:23)
	at expressivo.staff.Parser.parse(Parser.java:13)
	at expressivo.grader.ExpressivoTest.testParse(ExpressivoTest.java:98)
Caused by: expressivo.staff.BadCharacterError: Unrecognized character at position 7
	at expressivo.staff.Lexer.next(Lexer.java:223)
	at expressivo.staff.Parser.next(Parser.java:135)
	at expressivo.staff.Parser.eatVar(Parser.java:110)
	at expressivo.staff.Parser.unary(Parser.java:93)
	at expressivo.staff.Parser.factor(Parser.java:88)
	at expressivo.staff.Parser.term(Parser.java:75)
	at expressivo.staff.Parser.polynomial(Parser.java:53)
	at expressivo.staff.Parser.factor(Parser.java:84)
	at expressivo.staff.Parser.term(Parser.java:71)
	at expressivo.staff.Parser.polynomial(Parser.java:53)
	at expressivo.staff.Parser.parse(Parser.java:47)
	at expressivo.staff.Parser.parse(Parser.java:21)
</error>
  </testcase>
  <testcase classname="expressivo.grader.ExpressivoTest" name="testSimplify_xyz[* ( * )]" time="0.011" />
  <testcase classname="expressivo.grader.ExpressivoTest" name="testDifferentiate_dx[( * ) *]" time="0.011">
    <error message="invalid derivative expression (staff parser could not parse)" type="java.lang.RuntimeException">java.lang.RuntimeException: invalid derivative expression (staff parser could not parse)
	at expressivo.grader.ExpressivoTest.testDifferentiate_dx(ExpressivoTest.java:118)
Caused by: expressivo.staff.SyntaxError: Unrecognized character at position 4 in expression &quot;((x^2 * 1) + (x * 2x))&quot;
	at expressivo.staff.Parser.parse(Parser.java:23)
	at expressivo.staff.Parser.parse(Parser.java:13)
	at expressivo.grader.ExpressivoTest.testDifferentiate_dx(ExpressivoTest.java:116)
Caused by: expressivo.staff.BadCharacterError: Unrecognized character at position 4
	at expressivo.staff.Lexer.next(Lexer.java:223)
	at expressivo.staff.Parser.next(Parser.java:135)
	at expressivo.staff.Parser.eatVar(Parser.java:110)
	at expressivo.staff.Parser.unary(Parser.java:93)
	at expressivo.staff.Parser.factor(Parser.java:88)
	at expressivo.staff.Parser.term(Parser.java:71)
	at expressivo.staff.Parser.polynomial(Parser.java:53)
	at expressivo.staff.Parser.factor(Parser.java:84)
	at expressivo.staff.Parser.term(Parser.java:71)
	at expressivo.staff.Parser.polynomial(Parser.java:53)
	at expressivo.staff.Parser.factor(Parser.java:84)
	at expressivo.staff.Parser.term(Parser.java:71)
	at expressivo.staff.Parser.polynomial(Parser.java:53)
	at expressivo.staff.Parser.parse(Parser.java:47)
	at expressivo.staff.Parser.parse(Parser.java:21)
</error>
  </testcase>
  <testcase classname="expressivo.grader.ExpressivoTest" name="testDifferentiate_dy[( * ) *]" time="0.01" />
  <testcase classname="expressivo.grader.ExpressivoTest" name="testParse[( * ) *]" time="0.011">
    <error message="invalid Expression.toString (staff parser could not parse)" type="java.lang.RuntimeException">java.lang.RuntimeException: invalid Expression.toString (staff parser could not parse)
	at expressivo.grader.ExpressivoTest.testParse(ExpressivoTest.java:100)
Caused by: expressivo.staff.SyntaxError: Unrecognized character at position 3 in expression &quot;(x^2 * x)&quot;
	at expressivo.staff.Parser.parse(Parser.java:23)
	at expressivo.staff.Parser.parse(Parser.java:13)
	at expressivo.grader.ExpressivoTest.testParse(ExpressivoTest.java:98)
Caused by: expressivo.staff.BadCharacterError: Unrecognized character at position 3
	at expressivo.staff.Lexer.next(Lexer.java:223)
	at expressivo.staff.Parser.next(Parser.java:135)
	at expressivo.staff.Parser.eatVar(Parser.java:110)
	at expressivo.staff.Parser.unary(Parser.java:93)
	at expressivo.staff.Parser.factor(Parser.java:88)
	at expressivo.staff.Parser.term(Parser.java:71)
	at expressivo.staff.Parser.polynomial(Parser.java:53)
	at expressivo.staff.Parser.factor(Parser.java:84)
	at expressivo.staff.Parser.term(Parser.java:71)
	at expressivo.staff.Parser.polynomial(Parser.java:53)
	at expressivo.staff.Parser.parse(Parser.java:47)
	at expressivo.staff.Parser.parse(Parser.java:21)
</error>
  </testcase>
  <testcase classname="expressivo.grader.ExpressivoTest" name="testSimplify_xyz[( * ) *]" time="0.01" />
  <testcase classname="expressivo.grader.ExpressivoTest" name="testDifferentiate_dx[( * ) * ( * )]" time="0.016">
    <error message="invalid derivative expression (staff parser could not parse)" type="java.lang.RuntimeException">java.lang.RuntimeException: invalid derivative expression (staff parser could not parse)
	at expressivo.grader.ExpressivoTest.testDifferentiate_dx(ExpressivoTest.java:118)
Caused by: expressivo.staff.SyntaxError: Unrecognized character at position 3 in expression &quot;(y^2 * 2x)&quot;
	at expressivo.staff.Parser.parse(Parser.java:23)
	at expressivo.staff.Parser.parse(Parser.java:13)
	at expressivo.grader.ExpressivoTest.testDifferentiate_dx(ExpressivoTest.java:116)
Caused by: expressivo.staff.BadCharacterError: Unrecognized character at position 3
	at expressivo.staff.Lexer.next(Lexer.java:223)
	at expressivo.staff.Parser.next(Parser.java:135)
	at expressivo.staff.Parser.eatVar(Parser.java:110)
	at expressivo.staff.Parser.unary(Parser.java:93)
	at expressivo.staff.Parser.factor(Parser.java:88)
	at expressivo.staff.Parser.term(Parser.java:71)
	at expressivo.staff.Parser.polynomial(Parser.java:53)
	at expressivo.staff.Parser.factor(Parser.java:84)
	at expressivo.staff.Parser.term(Parser.java:71)
	at expressivo.staff.Parser.polynomial(Parser.java:53)
	at expressivo.staff.Parser.parse(Parser.java:47)
	at expressivo.staff.Parser.parse(Parser.java:21)
</error>
  </testcase>
  <testcase classname="expressivo.grader.ExpressivoTest" name="testDifferentiate_dy[( * ) * ( * )]" time="0.016">
    <error message="invalid derivative expression (staff parser could not parse)" type="java.lang.RuntimeException">java.lang.RuntimeException: invalid derivative expression (staff parser could not parse)
	at expressivo.grader.ExpressivoTest.testDifferentiate_dy(ExpressivoTest.java:136)
Caused by: expressivo.staff.SyntaxError: Unrecognized character at position 3 in expression &quot;(x^2 * 2y)&quot;
	at expressivo.staff.Parser.parse(Parser.java:23)
	at expressivo.staff.Parser.parse(Parser.java:13)
	at expressivo.grader.ExpressivoTest.testDifferentiate_dy(ExpressivoTest.java:134)
Caused by: expressivo.staff.BadCharacterError: Unrecognized character at position 3
	at expressivo.staff.Lexer.next(Lexer.java:223)
	at expressivo.staff.Parser.next(Parser.java:135)
	at expressivo.staff.Parser.eatVar(Parser.java:110)
	at expressivo.staff.Parser.unary(Parser.java:93)
	at expressivo.staff.Parser.factor(Parser.java:88)
	at expressivo.staff.Parser.term(Parser.java:71)
	at expressivo.staff.Parser.polynomial(Parser.java:53)
	at expressivo.staff.Parser.factor(Parser.java:84)
	at expressivo.staff.Parser.term(Parser.java:71)
	at expressivo.staff.Parser.polynomial(Parser.java:53)
	at expressivo.staff.Parser.parse(Parser.java:47)
	at expressivo.staff.Parser.parse(Parser.java:21)
</error>
  </testcase>
  <testcase classname="expressivo.grader.ExpressivoTest" name="testParse[( * ) * ( * )]" time="0.017">
    <error message="invalid Expression.toString (staff parser could not parse)" type="java.lang.RuntimeException">java.lang.RuntimeException: invalid Expression.toString (staff parser could not parse)
	at expressivo.grader.ExpressivoTest.testParse(ExpressivoTest.java:100)
Caused by: expressivo.staff.SyntaxError: Unrecognized character at position 3 in expression &quot;(x^2 * y^2)&quot;
	at expressivo.staff.Parser.parse(Parser.java:23)
	at expressivo.staff.Parser.parse(Parser.java:13)
	at expressivo.grader.ExpressivoTest.testParse(ExpressivoTest.java:98)
Caused by: expressivo.staff.BadCharacterError: Unrecognized character at position 3
	at expressivo.staff.Lexer.next(Lexer.java:223)
	at expressivo.staff.Parser.next(Parser.java:135)
	at expressivo.staff.Parser.eatVar(Parser.java:110)
	at expressivo.staff.Parser.unary(Parser.java:93)
	at expressivo.staff.Parser.factor(Parser.java:88)
	at expressivo.staff.Parser.term(Parser.java:71)
	at expressivo.staff.Parser.polynomial(Parser.java:53)
	at expressivo.staff.Parser.factor(Parser.java:84)
	at expressivo.staff.Parser.term(Parser.java:71)
	at expressivo.staff.Parser.polynomial(Parser.java:53)
	at expressivo.staff.Parser.parse(Parser.java:47)
	at expressivo.staff.Parser.parse(Parser.java:21)
</error>
  </testcase>
  <testcase classname="expressivo.grader.ExpressivoTest" name="testSimplify_xyz[( * ) * ( * )]" time="0.016" />
  <testcase classname="expressivo.grader.ExpressivoTest" name="testDifferentiate_dx[* * * * *]" time="0.011">
    <error message="invalid derivative expression (staff parser could not parse)" type="java.lang.RuntimeException">java.lang.RuntimeException: invalid derivative expression (staff parser could not parse)
	at expressivo.grader.ExpressivoTest.testDifferentiate_dx(ExpressivoTest.java:118)
Caused by: expressivo.staff.SyntaxError: Unrecognized character at position 8 in expression &quot;((((((x^2 * y) * y) * z) * z) * 1) + (x * (z * (z * (y * (y * 2x))))))&quot;
	at expressivo.staff.Parser.parse(Parser.java:23)
	at expressivo.staff.Parser.parse(Parser.java:13)
	at expressivo.grader.ExpressivoTest.testDifferentiate_dx(ExpressivoTest.java:116)
Caused by: expressivo.staff.BadCharacterError: Unrecognized character at position 8
	at expressivo.staff.Lexer.next(Lexer.java:223)
	at expressivo.staff.Parser.next(Parser.java:135)
	at expressivo.staff.Parser.eatVar(Parser.java:110)
	at expressivo.staff.Parser.unary(Parser.java:93)
	at expressivo.staff.Parser.factor(Parser.java:88)
	at expressivo.staff.Parser.term(Parser.java:71)
	at expressivo.staff.Parser.polynomial(Parser.java:53)
	at expressivo.staff.Parser.factor(Parser.java:84)
	at expressivo.staff.Parser.term(Parser.java:71)
	at expressivo.staff.Parser.polynomial(Parser.java:53)
	at expressivo.staff.Parser.factor(Parser.java:84)
	at expressivo.staff.Parser.term(Parser.java:71)
	at expressivo.staff.Parser.polynomial(Parser.java:53)
	at expressivo.staff.Parser.factor(Parser.java:84)
	at expressivo.staff.Parser.term(Parser.java:71)
	at expressivo.staff.Parser.polynomial(Parser.java:53)
	at expressivo.staff.Parser.factor(Parser.java:84)
	at expressivo.staff.Parser.term(Parser.java:71)
	at expressivo.staff.Parser.polynomial(Parser.java:53)
	at expressivo.staff.Parser.factor(Parser.java:84)
	at expressivo.staff.Parser.term(Parser.java:71)
	at expressivo.staff.Parser.polynomial(Parser.java:53)
	at expressivo.staff.Parser.factor(Parser.java:84)
	at expressivo.staff.Parser.term(Parser.java:71)
	at expressivo.staff.Parser.polynomial(Parser.java:53)
	at expressivo.staff.Parser.parse(Parser.java:47)
	at expressivo.staff.Parser.parse(Parser.java:21)
</error>
  </testcase>
  <testcase classname="expressivo.grader.ExpressivoTest" name="testDifferentiate_dy[* * * * *]" time="0.011">
    <error message="invalid derivative expression (staff parser could not parse)" type="java.lang.RuntimeException">java.lang.RuntimeException: invalid derivative expression (staff parser could not parse)
	at expressivo.grader.ExpressivoTest.testDifferentiate_dy(ExpressivoTest.java:136)
Caused by: expressivo.staff.SyntaxError: Unrecognized character at position 20 in expression &quot;(x * (z * (z * (((x^2 * y) * 1) + (y * (x^2 * 1))))))&quot;
	at expressivo.staff.Parser.parse(Parser.java:23)
	at expressivo.staff.Parser.parse(Parser.java:13)
	at expressivo.grader.ExpressivoTest.testDifferentiate_dy(ExpressivoTest.java:134)
Caused by: expressivo.staff.BadCharacterError: Unrecognized character at position 20
	at expressivo.staff.Lexer.next(Lexer.java:223)
	at expressivo.staff.Parser.next(Parser.java:135)
	at expressivo.staff.Parser.eatVar(Parser.java:110)
	at expressivo.staff.Parser.unary(Parser.java:93)
	at expressivo.staff.Parser.factor(Parser.java:88)
	at expressivo.staff.Parser.term(Parser.java:71)
	at expressivo.staff.Parser.polynomial(Parser.java:53)
	at expressivo.staff.Parser.factor(Parser.java:84)
	at expressivo.staff.Parser.term(Parser.java:71)
	at expressivo.staff.Parser.polynomial(Parser.java:53)
	at expressivo.staff.Parser.factor(Parser.java:84)
	at expressivo.staff.Parser.term(Parser.java:71)
	at expressivo.staff.Parser.polynomial(Parser.java:53)
	at expressivo.staff.Parser.factor(Parser.java:84)
	at expressivo.staff.Parser.term(Parser.java:75)
	at expressivo.staff.Parser.polynomial(Parser.java:53)
	at expressivo.staff.Parser.factor(Parser.java:84)
	at expressivo.staff.Parser.term(Parser.java:75)
	at expressivo.staff.Parser.polynomial(Parser.java:53)
	at expressivo.staff.Parser.factor(Parser.java:84)
	at expressivo.staff.Parser.term(Parser.java:75)
	at expressivo.staff.Parser.polynomial(Parser.java:53)
	at expressivo.staff.Parser.factor(Parser.java:84)
	at expressivo.staff.Parser.term(Parser.java:71)
	at expressivo.staff.Parser.polynomial(Parser.java:53)
	at expressivo.staff.Parser.parse(Parser.java:47)
	at expressivo.staff.Parser.parse(Parser.java:21)
</error>
  </testcase>
  <testcase classname="expressivo.grader.ExpressivoTest" name="testParse[* * * * *]" time="0.011">
    <error message="invalid Expression.toString (staff parser could not parse)" type="java.lang.RuntimeException">java.lang.RuntimeException: invalid Expression.toString (staff parser could not parse)
	at expressivo.grader.ExpressivoTest.testParse(ExpressivoTest.java:100)
Caused by: expressivo.staff.SyntaxError: Unrecognized character at position 7 in expression &quot;(((((x^2 * y) * y) * z) * z) * x)&quot;
	at expressivo.staff.Parser.parse(Parser.java:23)
	at expressivo.staff.Parser.parse(Parser.java:13)
	at expressivo.grader.ExpressivoTest.testParse(ExpressivoTest.java:98)
Caused by: expressivo.staff.BadCharacterError: Unrecognized character at position 7
	at expressivo.staff.Lexer.next(Lexer.java:223)
	at expressivo.staff.Parser.next(Parser.java:135)
	at expressivo.staff.Parser.eatVar(Parser.java:110)
	at expressivo.staff.Parser.unary(Parser.java:93)
	at expressivo.staff.Parser.factor(Parser.java:88)
	at expressivo.staff.Parser.term(Parser.java:71)
	at expressivo.staff.Parser.polynomial(Parser.java:53)
	at expressivo.staff.Parser.factor(Parser.java:84)
	at expressivo.staff.Parser.term(Parser.java:71)
	at expressivo.staff.Parser.polynomial(Parser.java:53)
	at expressivo.staff.Parser.factor(Parser.java:84)
	at expressivo.staff.Parser.term(Parser.java:71)
	at expressivo.staff.Parser.polynomial(Parser.java:53)
	at expressivo.staff.Parser.factor(Parser.java:84)
	at expressivo.staff.Parser.term(Parser.java:71)
	at expressivo.staff.Parser.polynomial(Parser.java:53)
	at expressivo.staff.Parser.factor(Parser.java:84)
	at expressivo.staff.Parser.term(Parser.java:71)
	at expressivo.staff.Parser.polynomial(Parser.java:53)
	at expressivo.staff.Parser.factor(Parser.java:84)
	at expressivo.staff.Parser.term(Parser.java:71)
	at expressivo.staff.Parser.polynomial(Parser.java:53)
	at expressivo.staff.Parser.parse(Parser.java:47)
	at expressivo.staff.Parser.parse(Parser.java:21)
</error>
  </testcase>
  <testcase classname="expressivo.grader.ExpressivoTest" name="testSimplify_xyz[* * * * *]" time="0.01" />
  <testcase classname="expressivo.grader.ExpressivoTest" name="testDifferentiate_dx[integers add]" time="0.005" />
  <testcase classname="expressivo.grader.ExpressivoTest" name="testDifferentiate_dy[integers add]" time="0.005" />
  <testcase classname="expressivo.grader.ExpressivoTest" name="testParse[integers add]" time="0.006" />
  <testcase classname="expressivo.grader.ExpressivoTest" name="testSimplify_xyz[integers add]" time="0.006" />
  <testcase classname="expressivo.grader.ExpressivoTest" name="testDifferentiate_dx[integers times]" time="0.005" />
  <testcase classname="expressivo.grader.ExpressivoTest" name="testDifferentiate_dy[integers times]" time="0.006" />
  <testcase classname="expressivo.grader.ExpressivoTest" name="testParse[integers times]" time="0.005" />
  <testcase classname="expressivo.grader.ExpressivoTest" name="testSimplify_xyz[integers times]" time="0.006" />
  <testcase classname="expressivo.grader.ExpressivoTest" name="testDifferentiate_dx[integers with various ops]" time="0.001" />
  <testcase classname="expressivo.grader.ExpressivoTest" name="testDifferentiate_dy[integers with various ops]" time="0.0" />
  <testcase classname="expressivo.grader.ExpressivoTest" name="testParse[integers with various ops]" time="0.006" />
  <testcase classname="expressivo.grader.ExpressivoTest" name="testSimplify_xyz[integers with various ops]" time="0.006" />
  <testcase classname="expressivo.grader.ExpressivoTest" name="testDifferentiate_dx[decimal-fractions add]" time="0.006" />
  <testcase classname="expressivo.grader.ExpressivoTest" name="testDifferentiate_dy[decimal-fractions add]" time="0.006" />
  <testcase classname="expressivo.grader.ExpressivoTest" name="testParse[decimal-fractions add]" time="0.006" />
  <testcase classname="expressivo.grader.ExpressivoTest" name="testSimplify_xyz[decimal-fractions add]" time="0.005" />
  <testcase classname="expressivo.grader.ExpressivoTest" name="testDifferentiate_dx[decimal-fractions times]" time="0.005" />
  <testcase classname="expressivo.grader.ExpressivoTest" name="testDifferentiate_dy[decimal-fractions times]" time="0.005" />
  <testcase classname="expressivo.grader.ExpressivoTest" name="testParse[decimal-fractions times]" time="0.005" />
  <testcase classname="expressivo.grader.ExpressivoTest" name="testSimplify_xyz[decimal-fractions times]" time="0.005" />
  <testcase classname="expressivo.grader.ExpressivoTest" name="testDifferentiate_dx[decimal-fractions with various ops]" time="0.006" />
  <testcase classname="expressivo.grader.ExpressivoTest" name="testDifferentiate_dy[decimal-fractions with various ops]" time="0.006" />
  <testcase classname="expressivo.grader.ExpressivoTest" name="testParse[decimal-fractions with various ops]" time="0.008" />
  <testcase classname="expressivo.grader.ExpressivoTest" name="testSimplify_xyz[decimal-fractions with various ops]" time="0.009" />
  <testcase classname="expressivo.grader.ExpressivoTest" name="testDifferentiate_dx[decimal-fractions integers add]" time="0.008" />
  <testcase classname="expressivo.grader.ExpressivoTest" name="testDifferentiate_dy[decimal-fractions integers add]" time="0.009" />
  <testcase classname="expressivo.grader.ExpressivoTest" name="testParse[decimal-fractions integers add]" time="0.009" />
  <testcase classname="expressivo.grader.ExpressivoTest" name="testSimplify_xyz[decimal-fractions integers add]" time="0.009" />
  <testcase classname="expressivo.grader.ExpressivoTest" name="testDifferentiate_dx[decimal-fractions integers times]" time="0.009" />
  <testcase classname="expressivo.grader.ExpressivoTest" name="testDifferentiate_dy[decimal-fractions integers times]" time="0.008" />
  <testcase classname="expressivo.grader.ExpressivoTest" name="testParse[decimal-fractions integers times]" time="0.009" />
  <testcase classname="expressivo.grader.ExpressivoTest" name="testSimplify_xyz[decimal-fractions integers times]" time="0.012" />
  <testcase classname="expressivo.grader.ExpressivoTest" name="testDifferentiate_dx[decimal-fractions integers with various ops]" time="0.0" />
  <testcase classname="expressivo.grader.ExpressivoTest" name="testDifferentiate_dy[decimal-fractions integers with various ops]" time="0.0" />
  <testcase classname="expressivo.grader.ExpressivoTest" name="testParse[decimal-fractions integers with various ops]" time="0.013" />
  <testcase classname="expressivo.grader.ExpressivoTest" name="testSimplify_xyz[decimal-fractions integers with various ops]" time="0.013" />
  <testcase classname="expressivo.grader.ExpressivoTest" name="testDifferentiate_dx[various variable names]" time="0.011" />
  <testcase classname="expressivo.grader.ExpressivoTest" name="testDifferentiate_dy[various variable names]" time="0.011" />
  <testcase classname="expressivo.grader.ExpressivoTest" name="testParse[various variable names]" time="0.011" />
  <testcase classname="expressivo.grader.ExpressivoTest" name="testSimplify_xyz[various variable names]" time="0.011" />
  <testcase classname="expressivo.grader.ExpressivoTest" name="testDifferentiate_dx[nested left]" time="0.0" />
  <testcase classname="expressivo.grader.ExpressivoTest" name="testDifferentiate_dy[nested left]" time="0.0" />
  <testcase classname="expressivo.grader.ExpressivoTest" name="testParse[nested left]" time="0.042" />
  <testcase classname="expressivo.grader.ExpressivoTest" name="testSimplify_xyz[nested left]" time="0.042" />
  <testcase classname="expressivo.grader.ExpressivoTest" name="testDifferentiate_dx[nested center]" time="0.0" />
  <testcase classname="expressivo.grader.ExpressivoTest" name="testDifferentiate_dy[nested center]" time="0.0" />
  <testcase classname="expressivo.grader.ExpressivoTest" name="testParse[nested center]" time="0.02" />
  <testcase classname="expressivo.grader.ExpressivoTest" name="testSimplify_xyz[nested center]" time="0.02" />
  <testcase classname="expressivo.grader.ExpressivoTest" name="testDifferentiate_dx[nested right]" time="0.0" />
  <testcase classname="expressivo.grader.ExpressivoTest" name="testDifferentiate_dy[nested right]" time="0.0" />
  <testcase classname="expressivo.grader.ExpressivoTest" name="testParse[nested right]" time="0.023" />
  <testcase classname="expressivo.grader.ExpressivoTest" name="testSimplify_xyz[nested right]" time="0.01" />
  <testcase classname="expressivo.grader.ExpressivoTest" name="testDifferentiate_dx[nested balanced]" time="0.0" />
  <testcase classname="expressivo.grader.ExpressivoTest" name="testDifferentiate_dy[nested balanced]" time="0.0" />
  <testcase classname="expressivo.grader.ExpressivoTest" name="testParse[nested balanced]" time="0.007" />
  <testcase classname="expressivo.grader.ExpressivoTest" name="testSimplify_xyz[nested balanced]" time="0.007" />
  <testcase classname="expressivo.grader.ExpressivoTest" name="testDifferentiate_dx[polynomial in x/y/z]" time="0.0" />
  <testcase classname="expressivo.grader.ExpressivoTest" name="testDifferentiate_dy[polynomial in x/y/z]" time="0.0" />
  <testcase classname="expressivo.grader.ExpressivoTest" name="testParse[polynomial in x/y/z]" time="0.011">
    <error message="invalid Expression.toString (staff parser could not parse)" type="java.lang.RuntimeException">java.lang.RuntimeException: invalid Expression.toString (staff parser could not parse)
	at expressivo.grader.ExpressivoTest.testParse(ExpressivoTest.java:100)
Caused by: expressivo.staff.SyntaxError: Unrecognized character at position 32 in expression &quot;((((x * y) * (x + z)) + x) * (x^2 + (y * z)))&quot;
	at expressivo.staff.Parser.parse(Parser.java:23)
	at expressivo.staff.Parser.parse(Parser.java:13)
	at expressivo.grader.ExpressivoTest.testParse(ExpressivoTest.java:98)
Caused by: expressivo.staff.BadCharacterError: Unrecognized character at position 32
	at expressivo.staff.Lexer.next(Lexer.java:223)
	at expressivo.staff.Parser.next(Parser.java:135)
	at expressivo.staff.Parser.eatVar(Parser.java:110)
	at expressivo.staff.Parser.unary(Parser.java:93)
	at expressivo.staff.Parser.factor(Parser.java:88)
	at expressivo.staff.Parser.term(Parser.java:71)
	at expressivo.staff.Parser.polynomial(Parser.java:53)
	at expressivo.staff.Parser.factor(Parser.java:84)
	at expressivo.staff.Parser.term(Parser.java:75)
	at expressivo.staff.Parser.polynomial(Parser.java:53)
	at expressivo.staff.Parser.factor(Parser.java:84)
	at expressivo.staff.Parser.term(Parser.java:71)
	at expressivo.staff.Parser.polynomial(Parser.java:53)
	at expressivo.staff.Parser.parse(Parser.java:47)
	at expressivo.staff.Parser.parse(Parser.java:21)
</error>
  </testcase>
  <testcase classname="expressivo.grader.ExpressivoTest" name="testSimplify_xyz[polynomial in x/y/z]" time="0.011" />
  <testcase classname="expressivo.grader.ExpressivoTest" name="testDifferentiate_dx[polynomial in x/y/z with extra parens]" time="0.0" />
  <testcase classname="expressivo.grader.ExpressivoTest" name="testDifferentiate_dy[polynomial in x/y/z with extra parens]" time="0.0" />
  <testcase classname="expressivo.grader.ExpressivoTest" name="testParse[polynomial in x/y/z with extra parens]" time="0.015">
    <error message="invalid Expression.toString (staff parser could not parse)" type="java.lang.RuntimeException">java.lang.RuntimeException: invalid Expression.toString (staff parser could not parse)
	at expressivo.grader.ExpressivoTest.testParse(ExpressivoTest.java:100)
Caused by: expressivo.staff.SyntaxError: Unrecognized character at position 32 in expression &quot;((((x * y) * (x + z)) + x) * (x^2 + (y * z)))&quot;
	at expressivo.staff.Parser.parse(Parser.java:23)
	at expressivo.staff.Parser.parse(Parser.java:13)
	at expressivo.grader.ExpressivoTest.testParse(ExpressivoTest.java:98)
Caused by: expressivo.staff.BadCharacterError: Unrecognized character at position 32
	at expressivo.staff.Lexer.next(Lexer.java:223)
	at expressivo.staff.Parser.next(Parser.java:135)
	at expressivo.staff.Parser.eatVar(Parser.java:110)
	at expressivo.staff.Parser.unary(Parser.java:93)
	at expressivo.staff.Parser.factor(Parser.java:88)
	at expressivo.staff.Parser.term(Parser.java:71)
	at expressivo.staff.Parser.polynomial(Parser.java:53)
	at expressivo.staff.Parser.factor(Parser.java:84)
	at expressivo.staff.Parser.term(Parser.java:75)
	at expressivo.staff.Parser.polynomial(Parser.java:53)
	at expressivo.staff.Parser.factor(Parser.java:84)
	at expressivo.staff.Parser.term(Parser.java:71)
	at expressivo.staff.Parser.polynomial(Parser.java:53)
	at expressivo.staff.Parser.parse(Parser.java:47)
	at expressivo.staff.Parser.parse(Parser.java:21)
</error>
  </testcase>
  <testcase classname="expressivo.grader.ExpressivoTest" name="testSimplify_xyz[polynomial in x/y/z with extra parens]" time="0.014" />
  <testcase classname="expressivo.grader.ExpressivoTest" name="testDifferentiate_dx[polynomial in x/y/z and various other variables]" time="0.0" />
  <testcase classname="expressivo.grader.ExpressivoTest" name="testDifferentiate_dy[polynomial in x/y/z and various other variables]" time="0.0" />
  <testcase classname="expressivo.grader.ExpressivoTest" name="testParse[polynomial in x/y/z and various other variables]" time="0.009" />
  <testcase classname="expressivo.grader.ExpressivoTest" name="testSimplify_xyz[polynomial in x/y/z and various other variables]" time="0.01" />
  <system-out><![CDATA[]]></system-out>
  <system-err><![CDATA[]]></system-err>
</testsuite>
