<?xml version="1.0" encoding="UTF-8" ?>
<testsuite errors="0" failures="0" hostname="Otto" name="library.staff.BookTest" skipped="0" tests="2" time="0.075" timestamp="2018-12-26T04:11:23">
  <properties>
[...]
</properties>
  <testcase classname="library.staff.BookTest" name="testRepExposureInGetAuthors" time="0.002" />
  <testcase classname="library.staff.BookTest" name="testRepExposureInConstructor" time="0.0" />
  <system-out><![CDATA[]]></system-out>
  <system-err><![CDATA[]]></system-err>
</testsuite>
